<?xml version="1.0" encoding="UTF-8"?>
<!-- Generated by org.testng.reporters.JUnitReportReporter -->
<testsuite hostname="KL-83" failures="0" tests="2" name="Web_Automation.WebStartOne" time="0.012" errors="0" timestamp="2021-09-26T23:13:59 GST" skipped="0">
  <testcase classname="Web_Automation.WebStartOne" name="Login1" time="0.001"/>
  <system-out/>
  <testcase classname="Web_Automation.WebStartOne" name="Login" time="0.011"/>
  <system-out/>
</testsuite> <!-- Web_Automation.WebStartOne -->
