<?xml version="1.0" encoding="UTF-8"?>
<!-- Generated by org.testng.reporters.JUnitReportReporter -->
<testsuite hostname="KL-83.local" failures="0" tests="3" name="Web_Automation.WebStartOne" time="0.015" errors="0" timestamp="2021-10-03T14:46:51 GST" skipped="0">
  <testcase classname="Web_Automation.WebStartOne" name="Login" time="0.011"/>
  <system-out/>
  <testcase classname="Web_Automation.WebStartOne" name="Login2" time="0.001"/>
  <system-out/>
  <testcase classname="Web_Automation.WebStartOne" name="Login1" time="0.003"/>
  <system-out/>
</testsuite> <!-- Web_Automation.WebStartOne -->
