<?xml version="1.0" encoding="UTF-8"?>
<!-- Generated by org.testng.reporters.JUnitReportReporter -->
<testsuite hostname="KL-83" failures="0" tests="1" name="api_Automation.FirstAPI" time="3.291" errors="0" timestamp="2021-09-29T10:02:48 GST" skipped="0">
  <testcase classname="api_Automation.FirstAPI" name="TC008" time="3.291"/>
  <system-out/>
</testsuite> <!-- api_Automation.FirstAPI -->
